<?xml version="1.0" encoding="UTF-8"?>
<!-- Generated by org.testng.reporters.JUnitReportReporter -->
<testsuite hostname="Mi-Notebook-Pro" failures="0" tests="4" name="com.exceltodataprovider.DataProviderWithExcel" time="7.600" errors="0" timestamp="2022-08-27T22:23:24 IST" skipped="0">
  <testcase classname="com.exceltodataprovider.DataProviderWithExcel" name="test01" time="1.528"/>
  <system-out/>
  <testcase classname="com.exceltodataprovider.DataProviderWithExcel" name="test01" time="1.596"/>
  <system-out/>
  <testcase classname="com.exceltodataprovider.DataProviderWithExcel" name="test01" time="1.531"/>
  <system-out/>
  <testcase classname="com.exceltodataprovider.DataProviderWithExcel" name="test01" time="2.945"/>
  <system-out/>
</testsuite> <!-- com.exceltodataprovider.DataProviderWithExcel -->
